# JRE version: OpenJDK Runtime Environment Temurin-21.0.10+7 (21.0.10+7) (build 21.0.10+7-LTS)
# Java VM: OpenJDK 64-Bit Server VM Temurin-21.0.10+7 (21.0.10+7-LTS, mixed mode, sharing, tiered, compressed oops, compressed class ptrs, parallel gc, windows-amd64)
GC Precious Log:
 CardTable entry size: 512
 CPUs: 12 total, 12 available
 Memory: 15710M
 Large Page Support: Disabled
 NUMA Support: Disabled
 Compressed Oops: Enabled (32-bit)
 Alignments: Space 512K, Generation 512K, Heap 2M
 Heap Min Capacity: 100M
 Heap Initial Capacity: 100M
 Heap Max Capacity: 2G
 Pre-touch: Disabled
 Parallel Workers: 10
Heap:
 PSYoungGen      total 13824K, used 13030K [0x00000000d5580000, 0x00000000d6400000, 0x0000000100000000)
  eden space 12800K, 93% used [0x00000000d5580000,0x00000000d613b9c0,0x00000000d6200000)
  from space 1024K, 99% used [0x00000000d6200000,0x00000000d62fe090,0x00000000d6300000)
  to   space 512K, 0% used [0x00000000d6380000,0x00000000d6380000,0x00000000d6400000)
 ParOldGen       total 84992K, used 64329K [0x0000000080000000, 0x0000000085300000, 0x00000000d5580000)
  object space 84992K, 75% used [0x0000000080000000,0x0000000083ed27a0,0x0000000085300000)
 Metaspace       used 65936K, committed 67328K, reserved 1114112K
  class space    used 7136K, committed 7680K, reserved 1048576K
GC Heap History (20 events):
Event: 25493.746 GC heap before
{Heap before GC invocations=44 (full 3):
 PSYoungGen      total 14336K, used 384K [0x00000000d5580000, 0x00000000d6500000, 0x0000000100000000)
  eden space 12800K, 0% used [0x00000000d5580000,0x00000000d5580000,0x00000000d6200000)
  from space 1536K, 25% used [0x00000000d6200000,0x00000000d6260000,0x00000000d6380000)
  to   space 1024K, 0% used [0x00000000d6400000,0x00000000d6400000,0x00000000d6500000)
 ParOldGen       total 68608K, used 46897K [0x0000000080000000, 0x0000000084300000, 0x00000000d5580000)
  object space 68608K, 68% used [0x0000000080000000,0x0000000082dcc7c8,0x0000000084300000)
 Metaspace       used 59498K, committed 60736K, reserved 1114112K
  class space    used 6460K, committed 6976K, reserved 1048576K
}
Event: 25493.885 GC heap after
{Heap after GC invocations=44 (full 3):
 PSYoungGen      total 14336K, used 0K [0x00000000d5580000, 0x00000000d6500000, 0x0000000100000000)
  eden space 12800K, 0% used [0x00000000d5580000,0x00000000d5580000,0x00000000d6200000)
  from space 1536K, 0% used [0x00000000d6200000,0x00000000d6200000,0x00000000d6380000)
  to   space 1024K, 0% used [0x00000000d6400000,0x00000000d6400000,0x00000000d6500000)
 ParOldGen       total 68608K, used 41553K [0x0000000080000000, 0x0000000084300000, 0x00000000d5580000)
  object space 68608K, 60% used [0x0000000080000000,0x00000000828944f0,0x0000000084300000)
 Metaspace       used 59483K, committed 60736K, reserved 1114112K
  class space    used 6456K, committed 6976K, reserved 1048576K
}
Event: 25494.257 GC heap before
{Heap before GC invocations=45 (full 3):
 PSYoungGen      total 14336K, used 12799K [0x00000000d5580000, 0x00000000d6500000, 0x0000000100000000)
  eden space 12800K, 99% used [0x00000000d5580000,0x00000000d61fff90,0x00000000d6200000)
  from space 1536K, 0% used [0x00000000d6200000,0x00000000d6200000,0x00000000d6380000)
  to   space 1024K, 0% used [0x00000000d6400000,0x00000000d6400000,0x00000000d6500000)
 ParOldGen       total 68608K, used 41553K [0x0000000080000000, 0x0000000084300000, 0x00000000d5580000)
  object space 68608K, 60% used [0x0000000080000000,0x00000000828944f0,0x0000000084300000)
 Metaspace       used 61136K, committed 62400K, reserved 1114112K
  class space    used 6611K, committed 7168K, reserved 1048576K
}
Event: 25494.259 GC heap after
{Heap after GC invocations=45 (full 3):
 PSYoungGen      total 13824K, used 889K [0x00000000d5580000, 0x00000000d6500000, 0x0000000100000000)
  eden space 12800K, 0% used [0x00000000d5580000,0x00000000d5580000,0x00000000d6200000)
  from space 1024K, 86% used [0x00000000d6400000,0x00000000d64de490,0x00000000d6500000)
  to   space 1024K, 0% used [0x00000000d6300000,0x00000000d6300000,0x00000000d6400000)
 ParOldGen       total 68608K, used 41561K [0x0000000080000000, 0x0000000084300000, 0x00000000d5580000)
  object space 68608K, 60% used [0x0000000080000000,0x00000000828964f0,0x0000000084300000)
 Metaspace       used 61136K, committed 62400K, reserved 1114112K
  class space    used 6611K, committed 7168K, reserved 1048576K
}
Event: 25494.660 GC heap before
{Heap before GC invocations=46 (full 3):
 PSYoungGen      total 13824K, used 13689K [0x00000000d5580000, 0x00000000d6500000, 0x0000000100000000)
  eden space 12800K, 100% used [0x00000000d5580000,0x00000000d6200000,0x00000000d6200000)
  from space 1024K, 86% used [0x00000000d6400000,0x00000000d64de490,0x00000000d6500000)
  to   space 1024K, 0% used [0x00000000d6300000,0x00000000d6300000,0x00000000d6400000)
 ParOldGen       total 68608K, used 41561K [0x0000000080000000, 0x0000000084300000, 0x00000000d5580000)
  object space 68608K, 60% used [0x0000000080000000,0x00000000828964f0,0x0000000084300000)
 Metaspace       used 62694K, committed 64064K, reserved 1114112K
  class space    used 6795K, committed 7360K, reserved 1048576K
}
Event: 25494.663 GC heap after
{Heap after GC invocations=46 (full 3):
 PSYoungGen      total 13824K, used 992K [0x00000000d5580000, 0x00000000d6700000, 0x0000000100000000)
  eden space 12800K, 0% used [0x00000000d5580000,0x00000000d5580000,0x00000000d6200000)
  from space 1024K, 96% used [0x00000000d6300000,0x00000000d63f8010,0x00000000d6400000)
  to   space 2560K, 0% used [0x00000000d6480000,0x00000000d6480000,0x00000000d6700000)
 ParOldGen       total 68608K, used 42607K [0x0000000080000000, 0x0000000084300000, 0x00000000d5580000)
  object space 68608K, 62% used [0x0000000080000000,0x000000008299bdd0,0x0000000084300000)
 Metaspace       used 62694K, committed 64064K, reserved 1114112K
  class space    used 6795K, committed 7360K, reserved 1048576K
}
Event: 25494.959 GC heap before
{Heap before GC invocations=47 (full 3):
 PSYoungGen      total 13824K, used 13769K [0x00000000d5580000, 0x00000000d6700000, 0x0000000100000000)
  eden space 12800K, 99% used [0x00000000d5580000,0x00000000d61fa7e0,0x00000000d6200000)
  from space 1024K, 96% used [0x00000000d6300000,0x00000000d63f8010,0x00000000d6400000)
  to   space 2560K, 0% used [0x00000000d6480000,0x00000000d6480000,0x00000000d6700000)
 ParOldGen       total 68608K, used 42607K [0x0000000080000000, 0x0000000084300000, 0x00000000d5580000)
  object space 68608K, 62% used [0x0000000080000000,0x000000008299bdd0,0x0000000084300000)
 Metaspace       used 63928K, committed 65280K, reserved 1114112K
  class space    used 6924K, committed 7488K, reserved 1048576K
}
Event: 25494.961 GC heap after
{Heap after GC invocations=47 (full 3):
 PSYoungGen      total 14336K, used 1191K [0x00000000d5580000, 0x00000000d6600000, 0x0000000100000000)
  eden space 12800K, 0% used [0x00000000d5580000,0x00000000d5580000,0x00000000d6200000)
  from space 1536K, 77% used [0x00000000d6480000,0x00000000d65a9f00,0x00000000d6600000)
  to   space 1536K, 0% used [0x00000000d6300000,0x00000000d6300000,0x00000000d6480000)
 ParOldGen       total 68608K, used 43549K [0x0000000080000000, 0x0000000084300000, 0x00000000d5580000)
  object space 68608K, 63% used [0x0000000080000000,0x0000000082a875b0,0x0000000084300000)
 Metaspace       used 63928K, committed 65280K, reserved 1114112K
  class space    used 6924K, committed 7488K, reserved 1048576K
}
Event: 25495.269 GC heap before
{Heap before GC invocations=48 (full 3):
 PSYoungGen      total 14336K, used 13991K [0x00000000d5580000, 0x00000000d6600000, 0x0000000100000000)
  eden space 12800K, 100% used [0x00000000d5580000,0x00000000d6200000,0x00000000d6200000)
  from space 1536K, 77% used [0x00000000d6480000,0x00000000d65a9f00,0x00000000d6600000)
  to   space 1536K, 0% used [0x00000000d6300000,0x00000000d6300000,0x00000000d6480000)
 ParOldGen       total 68608K, used 43549K [0x0000000080000000, 0x0000000084300000, 0x00000000d5580000)
  object space 68608K, 63% used [0x0000000080000000,0x0000000082a875b0,0x0000000084300000)
 Metaspace       used 64890K, committed 66304K, reserved 1114112K
  class space    used 7029K, committed 7616K, reserved 1048576K
}
Event: 25495.272 GC heap after
{Heap after GC invocations=48 (full 3):
 PSYoungGen      total 13824K, used 991K [0x00000000d5580000, 0x00000000d6500000, 0x0000000100000000)
  eden space 12800K, 0% used [0x00000000d5580000,0x00000000d5580000,0x00000000d6200000)
  from space 1024K, 96% used [0x00000000d6300000,0x00000000d63f7c38,0x00000000d6400000)
  to   space 1024K, 0% used [0x00000000d6400000,0x00000000d6400000,0x00000000d6500000)
 ParOldGen       total 68608K, used 44317K [0x0000000080000000, 0x0000000084300000, 0x00000000d5580000)
  object space 68608K, 64% used [0x0000000080000000,0x0000000082b47650,0x0000000084300000)
 Metaspace       used 64890K, committed 66304K, reserved 1114112K
  class space    used 7029K, committed 7616K, reserved 1048576K
}
Event: 25495.551 GC heap before
{Heap before GC invocations=49 (full 3):
 PSYoungGen      total 13824K, used 13305K [0x00000000d5580000, 0x00000000d6500000, 0x0000000100000000)
  eden space 12800K, 96% used [0x00000000d5580000,0x00000000d61868c0,0x00000000d6200000)
  from space 1024K, 96% used [0x00000000d6300000,0x00000000d63f7c38,0x00000000d6400000)
  to   space 1024K, 0% used [0x00000000d6400000,0x00000000d6400000,0x00000000d6500000)
 ParOldGen       total 68608K, used 44317K [0x0000000080000000, 0x0000000084300000, 0x00000000d5580000)
  object space 68608K, 64% used [0x0000000080000000,0x0000000082b47650,0x0000000084300000)
 Metaspace       used 65289K, committed 66624K, reserved 1114112K
  class space    used 7072K, committed 7616K, reserved 1048576K
}
Event: 25495.556 GC heap after
{Heap after GC invocations=49 (full 3):
 PSYoungGen      total 13824K, used 995K [0x00000000d5580000, 0x00000000d6500000, 0x0000000100000000)
  eden space 12800K, 0% used [0x00000000d5580000,0x00000000d5580000,0x00000000d6200000)
  from space 1024K, 97% used [0x00000000d6400000,0x00000000d64f8f40,0x00000000d6500000)
  to   space 1024K, 0% used [0x00000000d6300000,0x00000000d6300000,0x00000000d6400000)
 ParOldGen       total 68608K, used 48674K [0x0000000080000000, 0x0000000084300000, 0x00000000d5580000)
  object space 68608K, 70% used [0x0000000080000000,0x0000000082f889f8,0x0000000084300000)
 Metaspace       used 65289K, committed 66624K, reserved 1114112K
  class space    used 7072K, committed 7616K, reserved 1048576K
}
Event: 25495.924 GC heap before
{Heap before GC invocations=50 (full 3):
 PSYoungGen      total 13824K, used 9033K [0x00000000d5580000, 0x00000000d6500000, 0x0000000100000000)
  eden space 12800K, 62% used [0x00000000d5580000,0x00000000d5d59620,0x00000000d6200000)
  from space 1024K, 97% used [0x00000000d6400000,0x00000000d64f8f40,0x00000000d6500000)
  to   space 1024K, 0% used [0x00000000d6300000,0x00000000d6300000,0x00000000d6400000)
 ParOldGen       total 83968K, used 82663K [0x0000000080000000, 0x0000000085200000, 0x00000000d5580000)
  object space 83968K, 98% used [0x0000000080000000,0x00000000850b9fb8,0x0000000085200000)
 Metaspace       used 65446K, committed 66816K, reserved 1114112K
  class space    used 7085K, committed 7616K, reserved 1048576K
}
Event: 25495.925 GC heap after
{Heap after GC invocations=50 (full 3):
 PSYoungGen      total 13312K, used 480K [0x00000000d5580000, 0x00000000d6480000, 0x0000000100000000)
  eden space 12800K, 0% used [0x00000000d5580000,0x00000000d5580000,0x00000000d6200000)
  from space 512K, 93% used [0x00000000d6300000,0x00000000d6378040,0x00000000d6380000)
  to   space 1024K, 0% used [0x00000000d6380000,0x00000000d6380000,0x00000000d6480000)
 ParOldGen       total 83968K, used 83078K [0x0000000080000000, 0x0000000085200000, 0x00000000d5580000)
  object space 83968K, 98% used [0x0000000080000000,0x0000000085121b58,0x0000000085200000)
 Metaspace       used 65446K, committed 66816K, reserved 1114112K
  class space    used 7085K, committed 7616K, reserved 1048576K
}
Event: 25495.970 GC heap before
{Heap before GC invocations=51 (full 3):
 PSYoungGen      total 13312K, used 13276K [0x00000000d5580000, 0x00000000d6480000, 0x0000000100000000)
  eden space 12800K, 99% used [0x00000000d5580000,0x00000000d61ff068,0x00000000d6200000)
  from space 512K, 93% used [0x00000000d6300000,0x00000000d6378040,0x00000000d6380000)
  to   space 1024K, 0% used [0x00000000d6380000,0x00000000d6380000,0x00000000d6480000)
 ParOldGen       total 83968K, used 83078K [0x0000000080000000, 0x0000000085200000, 0x00000000d5580000)
  object space 83968K, 98% used [0x0000000080000000,0x0000000085121b58,0x0000000085200000)
 Metaspace       used 65532K, committed 66944K, reserved 1114112K
  class space    used 7099K, committed 7680K, reserved 1048576K
}
Event: 25495.972 GC heap after
{Heap after GC invocations=51 (full 3):
 PSYoungGen      total 13312K, used 13276K [0x00000000d5580000, 0x00000000d6480000, 0x0000000100000000)
  eden space 12800K, 99% used [0x00000000d5580000,0x00000000d61ff068,0x00000000d6200000)
  from space 512K, 93% used [0x00000000d6300000,0x00000000d6378040,0x00000000d6380000)
  to   space 1024K, 89% used [0x00000000d6380000,0x00000000d64648e0,0x00000000d6480000)
 ParOldGen       total 83968K, used 83310K [0x0000000080000000, 0x0000000085200000, 0x00000000d5580000)
  object space 83968K, 99% used [0x0000000080000000,0x000000008515bb98,0x0000000085200000)
 Metaspace       used 65532K, committed 66944K, reserved 1114112K
  class space    used 7099K, committed 7680K, reserved 1048576K
}
Event: 25495.972 GC heap before
{Heap before GC invocations=52 (full 4):
 PSYoungGen      total 13312K, used 13276K [0x00000000d5580000, 0x00000000d6480000, 0x0000000100000000)
  eden space 12800K, 99% used [0x00000000d5580000,0x00000000d61ff068,0x00000000d6200000)
  from space 512K, 93% used [0x00000000d6300000,0x00000000d6378040,0x00000000d6380000)
  to   space 1024K, 89% used [0x00000000d6380000,0x00000000d64648e0,0x00000000d6480000)
 ParOldGen       total 83968K, used 83310K [0x0000000080000000, 0x0000000085200000, 0x00000000d5580000)
  object space 83968K, 99% used [0x0000000080000000,0x000000008515bb98,0x0000000085200000)
 Metaspace       used 65532K, committed 66944K, reserved 1114112K
  class space    used 7099K, committed 7680K, reserved 1048576K
}
Event: 25496.098 GC heap after
{Heap after GC invocations=52 (full 4):
 PSYoungGen      total 13312K, used 0K [0x00000000d5580000, 0x00000000d6400000, 0x0000000100000000)
  eden space 12800K, 0% used [0x00000000d5580000,0x00000000d5580000,0x00000000d6200000)
  from space 512K, 0% used [0x00000000d6380000,0x00000000d6380000,0x00000000d6400000)
  to   space 1024K, 0% used [0x00000000d6200000,0x00000000d6200000,0x00000000d6300000)
 ParOldGen       total 84992K, used 57962K [0x0000000080000000, 0x0000000085300000, 0x00000000d5580000)
  object space 84992K, 68% used [0x0000000080000000,0x000000008389abc0,0x0000000085300000)
 Metaspace       used 65510K, committed 66944K, reserved 1114112K
  class space    used 7093K, committed 7680K, reserved 1048576K
}
Event: 25496.160 GC heap before
{Heap before GC invocations=53 (full 4):
 PSYoungGen      total 13312K, used 12800K [0x00000000d5580000, 0x00000000d6400000, 0x0000000100000000)
  eden space 12800K, 100% used [0x00000000d5580000,0x00000000d6200000,0x00000000d6200000)
  from space 512K, 0% used [0x00000000d6380000,0x00000000d6380000,0x00000000d6400000)
  to   space 1024K, 0% used [0x00000000d6200000,0x00000000d6200000,0x00000000d6300000)
 ParOldGen       total 84992K, used 57962K [0x0000000080000000, 0x0000000085300000, 0x00000000d5580000)
  object space 84992K, 68% used [0x0000000080000000,0x000000008389abc0,0x0000000085300000)
 Metaspace       used 65640K, committed 67008K, reserved 1114112K
  class space    used 7116K, committed 7680K, reserved 1048576K
}
Event: 25496.164 GC heap after
{Heap after GC invocations=53 (full 4):
 PSYoungGen      total 13824K, used 1016K [0x00000000d5580000, 0x00000000d6400000, 0x0000000100000000)
  eden space 12800K, 0% used [0x00000000d5580000,0x00000000d5580000,0x00000000d6200000)
  from space 1024K, 99% used [0x00000000d6200000,0x00000000d62fe090,0x00000000d6300000)
  to   space 512K, 0% used [0x00000000d6380000,0x00000000d6380000,0x00000000d6400000)
 ParOldGen       total 84992K, used 64329K [0x0000000080000000, 0x0000000085300000, 0x00000000d5580000)
  object space 84992K, 75% used [0x0000000080000000,0x0000000083ed27a0,0x0000000085300000)
 Metaspace       used 65640K, committed 67008K, reserved 1114112K
  class space    used 7116K, committed 7680K, reserved 1048576K
}

